Build started 9/16/2013 1:07:34 AM.
     1>Project "D:\Documents\Git\CIS460_HW1\CIS460_Homework1\CIS460_Homework1.vcxproj" on node 2 (Build target(s)).
     1>ClCompile:
         D:\Programs\Visual Studio 2012\VC\bin\CL.exe /c /ZI /nologo /W3 /WX- /Od /Oy- /D WIN32 /D _DEBUG /D _CONSOLE /D _UNICODE /D UNICODE /D _CRT_SECURE_NO_WARNINGS /Gm /EHsc /RTC1 /MDd /GS /fp:precise /Zc:wchar_t /Zc:forScope /Fo"Debug\\" /Fd"Debug\vc110.pdb" /Gd /TP /analyze- /errorReport:prompt fileReader.cpp
         fileReader.cpp
     1>d:\documents\git\cis460_hw1\cis460_homework1\filereader.cpp(59): warning C4244: '=' : conversion from 'int' to 'float', possible loss of data
     1>d:\documents\git\cis460_hw1\cis460_homework1\filereader.cpp(60): warning C4244: '=' : conversion from 'int' to 'float', possible loss of data
     1>d:\documents\git\cis460_hw1\cis460_homework1\filereader.cpp(81): warning C4244: 'initializing' : conversion from 'float' to 'int', possible loss of data
     1>d:\documents\git\cis460_hw1\cis460_homework1\filereader.cpp(82): warning C4244: 'initializing' : conversion from 'float' to 'int', possible loss of data
     1>d:\documents\git\cis460_hw1\cis460_homework1\filereader.cpp(83): warning C4244: 'initializing' : conversion from 'float' to 'int', possible loss of data
       Link:
         D:\Programs\Visual Studio 2012\VC\bin\link.exe /ERRORREPORT:PROMPT /OUT:"D:\Documents\Git\CIS460_HW1\Debug\CIS460_Homework1.exe" /INCREMENTAL /NOLOGO kernel32.lib user32.lib gdi32.lib winspool.lib comdlg32.lib advapi32.lib shell32.lib ole32.lib oleaut32.lib uuid.lib odbc32.lib odbccp32.lib /MANIFEST /MANIFESTUAC:"level='asInvoker' uiAccess='false'" /manifest:embed /DEBUG /PDB:"D:\Documents\Git\CIS460_HW1\Debug\CIS460_Homework1.pdb" /SUBSYSTEM:CONSOLE /TLBID:1 /DYNAMICBASE /NXCOMPAT /IMPLIB:"D:\Documents\Git\CIS460_HW1\Debug\CIS460_Homework1.lib" /MACHINE:X86 Debug\EasyBMP.obj
         Debug\fileReader.obj
         Debug\main.obj
         Debug\voxel.obj
         Debug\voxelBuffer.obj
         CIS460_Homework1.vcxproj -> D:\Documents\Git\CIS460_HW1\Debug\CIS460_Homework1.exe
     1>Done Building Project "D:\Documents\Git\CIS460_HW1\CIS460_Homework1\CIS460_Homework1.vcxproj" (Build target(s)).

Build succeeded.

Time Elapsed 00:00:00.94
